<?xml version="1.0" encoding="UTF-8"?>
<!-- Generated by org.testng.reporters.JUnitReportReporter -->
<testsuite hostname="NODE186" name="com.project.pages.test.RodanAndFieldsTest" tests="1" failures="0" timestamp="2 Nov 2016 08:37:40 GMT" time="31.158" errors="0">
  <testcase name="gotoShopSkincare" time="31.158" classname="com.project.pages.test.RodanAndFieldsTest"/>
</testsuite> <!-- com.project.pages.test.RodanAndFieldsTest -->
